Arguments: 
  C:\Program Files\nodejs\node.exe C:\Users\Kingsley Aigbojie\AppData\Roaming\npm\node_modules\yarn\bin\yarn.js install

PATH: 
  C:\Program Files (x86)\Common Files\Oracle\Java\javapath;C:\WINDOWS\system32;C:\WINDOWS;C:\WINDOWS\System32\Wbem;C:\WINDOWS\System32\WindowsPowerShell\v1.0\;C:\WINDOWS\System32\OpenSSH\;C:\Program Files\MongoDB\Server\4.4\bin;C:\Program Files\Git\cmd;C:\Program Files\nodejs\;C:\ProgramData\chocolatey\bin;C:\Program Files\php-8.1.13;C:\Program Files\Go\bin;C:\Users\Kingsley Aigbojie\AppData\Local\Programs\Python\Python37-32\Scripts\;C:\Users\Kingsley Aigbojie\AppData\Local\Programs\Python\Python37-32\;C:\Users\Kingsley Aigbojie\AppData\Local\Programs\Python\Python310\Scripts\;C:\Users\Kingsley Aigbojie\AppData\Local\Programs\Python\Python310\;C:\Users\Kingsley Aigbojie\.pyenv\pyenv-win\bin;C:\Users\Kingsley Aigbojie\.pyenv\pyenv-win\shims;C:\Users\Kingsley Aigbojie\AppData\Local\Microsoft\WindowsApps;C:\Users\Kingsley Aigbojie\AppData\Local\Programs\Microsoft VS Code\bin;C:\Program Files\MongoDB\Server\4.4\bin;C:\Program Files\heroku\bin;C:\Users\Kingsley Aigbojie\AppData\Roaming\npm;C:\Users\Kingsley Aigbojie\go\bin

Yarn version: 
  1.22.11

Node version: 
  17.9.0

Platform: 
  win32 x64

Trace: 
  Error: https://registry.yarnpkg.com/@expo/cli/-/cli-0.7.3.tgz: ESOCKETTIMEDOUT
      at ClientRequest.<anonymous> (C:\Users\Kingsley Aigbojie\AppData\Roaming\npm\node_modules\yarn\lib\cli.js:141390:19)
      at Object.onceWrapper (node:events:641:28)
      at ClientRequest.emit (node:events:527:28)
      at TLSSocket.emitRequestTimeout (node:_http_client:771:9)
      at Object.onceWrapper (node:events:641:28)
      at TLSSocket.emit (node:events:539:35)
      at TLSSocket.Socket._onTimeout (node:net:522:8)
      at listOnTimeout (node:internal/timers:559:17)
      at processTimers (node:internal/timers:502:7)

npm manifest: 
  {
    "name": "autopayer",
    "version": "1.0.0",
    "main": "node_modules/expo/AppEntry.js",
    "scripts": {
      "start": "expo start",
      "android": "expo start --android",
      "ios": "expo start --ios",
      "web": "expo start --web"
    },
    "dependencies": {
      "expo": "~48.0.15",
      "expo-status-bar": "~1.4.4",
      "react": "18.2.0",
      "react-native": "0.71.8"
    },
    "devDependencies": {
      "@babel/core": "^7.20.0"
    },
    "private": true
  }

yarn manifest: 
  No manifest

Lockfile: 
  No lockfile
